<?xml version="1.0" encoding="UTF-8"?>
<!-- Generated by org.testng.reporters.JUnitXMLReporter -->
<testsuite ignored="0" hostname="LAPTOP-2R7BL31P" failures="0" tests="5" name="Default test" time="148.588" errors="0" timestamp="2022-04-20T18:11:17 IST">
  <testcase classname="fdPack.LoginTestNinja" name="loginTest" time="39.78"/>
  <testcase classname="fdPack.LoginTestNinja" name="loginTest" time="22.723"/>
  <testcase classname="fdPack.LoginTestNinja" name="loginTest" time="32.971"/>
  <testcase classname="fdPack.LoginTestNinja" name="loginTest" time="28.83"/>
  <testcase classname="fdPack.LoginTestNinja" name="loginTest" time="19.892"/>
</testsuite> <!-- Default test -->
